<?xml version="1.0" encoding="UTF-8"?>
<testsuite name="TaskTest" tests="8" skipped="0" failures="0" errors="0" timestamp="2015-08-30T02:22:00" hostname="Jen-Quiross-MacBook-Pro.local" time="3.699">
  <properties/>
  <testcase name="equals_returnsTrueIfDescriptionsAretheSame" classname="TaskTest" time="0.147"/>
  <testcase name="addCategory_addsCategoryToTask" classname="TaskTest" time="3.047"/>
  <testcase name="save_savesObjectIntoDatabase" classname="TaskTest" time="0.068"/>
  <testcase name="delete_deletesAllTasksAndListsAssoicationes" classname="TaskTest" time="0.123"/>
  <testcase name="all_emptyAtFirst" classname="TaskTest" time="0.042"/>
  <testcase name="getCategories_returnsAllCategories_ArrayList" classname="TaskTest" time="0.141"/>
  <testcase name="save_assignsIdToObject" classname="TaskTest" time="0.063"/>
  <testcase name="find_findsTaskInDatabase_true" classname="TaskTest" time="0.057"/>
  <system-out><![CDATA[]]></system-out>
  <system-err><![CDATA[]]></system-err>
</testsuite>
